<?xml version="1.0" encoding="UTF-8"?>
<!-- Generated by org.testng.reporters.JUnitReportReporter -->
<testsuite hostname="Latitude-5401" failures="0" tests="1" name="tests.login.BasicTest" time="5.455" errors="0" timestamp="2024-10-06T16:06:09 CST" skipped="0">
  <testcase classname="tests.login.BasicTest" name="basicTest" time="5.455"/>
</testsuite> <!-- tests.login.BasicTest -->
